#TASK_HYBRID_GOTO 47.3978800 8.5455920 10 50
#TASK_HYBRID_GOTO 47.3976900 8.5455920 10 20
#TASK_HYBRID_GOTO 47.3976900 8.5456020 10 20
#TASK_LOCAL_GOTO 0 0 10 50
#TASK_LOCAL_GOTO 5 0 5 20
#TASK_LOCAL_GOTO -5 0 5 20
#TASK_SIMPLE_HOVER 5 10
#TASK_LOCAL_GOTO 0 5 5 20
#TASK_SIMPLE_HOVER 5 10
#TASK_LOCAL_GOTO 0 0 5 20
#TASK_SIMPLE_HOVER 5 10
#TASK_GLOBAL_GOTO 47.3978800 8.5455920 498 50
#TASK_GLOBAL_GOTO 47.3976900 8.5455920 498 50
#TASK_GLOBAL_GOTO 47.3976900 8.5456020 498 50
#TASK_SIMPLE_HOVER 5 10


TASK_LOCAL_GOTO 0 0 10 50
TASK_LOCAL_GOTO 5 0 5 20
TASK_LOCAL_GOTO -5 0 5 20
TASK_SIMPLE_HOVER 5 10


#TASK_LOCAL_GOTO 0 0 0 50
#TASK_LOCAL_GOTO 0 0 0 20
#TASK_LOCAL_GOTO 0 0 0 20
#TASK_SIMPLE_HOVER 0 10
